2025-07-23 15:32:50 [INFO]: Contact with ID l4y1d2ztsqbcvrjh4u2oytzt updated successfully. 
2025-07-23 15:32:50 [ERROR]: Contact with ID l4y1d2ztsqbcvrjh4u2oytzt not found after update. 
2025-07-23 15:33:51 [INFO]: Contact with ID l4y1d2ztsqbcvrjh4u2oytzt updated successfully. 
2025-07-23 15:34:18 [INFO]: Contact with ID l4y1d2ztsqbcvrjh4u2oytzt updated successfully. 
2025-07-23 15:35:05 [INFO]: Contact with ID l4y1d2ztsqbcvrjh4u2oytzt updated successfully. 
2025-08-02 15:02:25 [INFO]: Fetching all contacts 
2025-08-02 15:02:25 [INFO]: Fetching all contacts 
2025-08-02 15:02:25 [INFO]: Total contacts retrieved: 5 
2025-08-02 15:12:19 [INFO]: Fetching all contacts 
2025-08-02 15:12:19 [INFO]: Fetching all contacts 
2025-08-02 15:12:19 [INFO]: Total contacts retrieved: 5 
2025-08-02 15:12:19 [INFO]: Fetching all contacts 
2025-08-02 15:12:19 [INFO]: Fetching all contacts 
2025-08-02 15:12:19 [INFO]: Total contacts retrieved: 5 
2025-08-03 11:50:17 [INFO]: Fetching all contacts 
2025-08-03 11:50:17 [INFO]: Fetching all contacts 
2025-08-03 11:50:17 [INFO]: Total contacts retrieved: 5 
2025-08-03 11:50:17 [INFO]: Fetching all contacts 
2025-08-03 11:50:17 [INFO]: Fetching all contacts 
2025-08-03 11:50:17 [INFO]: Total contacts retrieved: 5 
2025-08-03 11:50:28 [INFO]: Fetching all contacts 
2025-08-03 11:50:28 [INFO]: Fetching all contacts 
2025-08-03 11:50:28 [INFO]: Total contacts retrieved: 5 
2025-08-03 11:51:15 [INFO]: Fetching all contacts 
2025-08-03 11:51:15 [INFO]: Fetching all contacts 
2025-08-03 11:51:15 [INFO]: Total contacts retrieved: 5 
2025-08-03 12:00:02 [INFO]: Fetching all contacts 
2025-08-03 12:00:02 [INFO]: Fetching all contacts 
2025-08-03 12:00:02 [INFO]: Total contacts retrieved: 5 
2025-08-03 12:00:11 [INFO]: Fetching all contacts 
2025-08-03 12:00:11 [INFO]: Fetching all contacts 
2025-08-03 12:00:11 [INFO]: Total contacts retrieved: 5 
2025-08-03 16:40:50 [INFO]: Fetching all contacts 
2025-08-03 16:40:50 [INFO]: Fetching all contacts 
2025-08-03 16:40:50 [INFO]: Total contacts retrieved: 5 
2025-08-03 16:40:51 [INFO]: Fetching all contacts 
2025-08-03 16:40:51 [INFO]: Fetching all contacts 
2025-08-03 16:40:51 [INFO]: Total contacts retrieved: 5 
2025-08-04 14:28:29 [INFO]: Fetching all contacts 
2025-08-04 14:28:29 [INFO]: Fetching all contacts 
2025-08-04 14:28:29 [INFO]: Total contacts retrieved: 5 
2025-08-04 14:28:29 [INFO]: Fetching all contacts 
2025-08-04 14:28:29 [INFO]: Fetching all contacts 
2025-08-04 14:28:29 [INFO]: Total contacts retrieved: 5 
2025-08-09 14:55:28 [INFO]: Fetching all contacts 
2025-08-09 14:55:28 [INFO]: Fetching all contacts 
2025-08-09 14:55:29 [INFO]: Total contacts retrieved: 5 
2025-08-09 14:55:29 [INFO]: Fetching all contacts 
2025-08-09 14:55:29 [INFO]: Fetching all contacts 
2025-08-09 14:55:29 [INFO]: Total contacts retrieved: 5 
2025-08-09 14:55:57 [INFO]: Fetching all contacts 
2025-08-09 14:55:57 [INFO]: Fetching all contacts 
2025-08-09 14:55:57 [INFO]: Total contacts retrieved: 5 
2025-08-19 21:23:42 [INFO]: Fetching all contacts 
2025-08-19 21:23:42 [INFO]: Fetching all contacts 
2025-08-19 21:23:42 [INFO]: Total contacts retrieved: 5 
2025-08-19 21:43:14 [INFO]: Fetching all contacts 
2025-08-19 21:43:14 [INFO]: Fetching all contacts 
2025-08-19 21:43:14 [INFO]: Total contacts retrieved: 5 
2025-08-19 21:43:56 [INFO]: Fetching all contacts 
2025-08-19 21:43:56 [INFO]: Fetching all contacts 
2025-08-19 21:43:56 [INFO]: Total contacts retrieved: 5 
2025-08-19 22:11:44 [INFO]: Fetching all contacts 
2025-08-19 22:11:44 [INFO]: Fetching all contacts 
2025-08-19 22:11:44 [INFO]: Total contacts retrieved: 5 
2025-08-19 22:13:16 [INFO]: Creating bulk contacts with data: %o 
2025-08-19 22:15:26 [INFO]: Creating bulk contacts with data: %o 
2025-08-19 22:20:54 [INFO]: Creating bulk contacts with data: %o 
2025-08-19 22:20:56 [INFO]: 10 contacts created successfully 
2025-08-19 22:20:56 [INFO]: Bulk contacts created successfully 
2025-08-19 22:20:57 [INFO]: Fetching all contacts 
2025-08-19 22:20:57 [INFO]: Fetching all contacts 
2025-08-19 22:20:57 [INFO]: Total contacts retrieved: 15 
2025-08-19 22:31:34 [INFO]: Fetching contacts with page: 1, limit: 10, search:  
2025-08-19 22:31:43 [INFO]: Total contacts retrieved: 10 
2025-08-19 22:31:49 [INFO]: Fetching contacts with page: 2, limit: 10, search:  
2025-08-19 22:31:49 [INFO]: Total contacts retrieved: 5 
2025-08-19 22:31:54 [INFO]: Fetching contacts with page: 1, limit: 10, search:  
2025-08-19 22:31:54 [INFO]: Total contacts retrieved: 10 
2025-08-19 22:31:56 [INFO]: Fetching contacts with page: 1, limit: 10, search: s 
2025-08-19 22:31:56 [INFO]: Total contacts retrieved: 9 
2025-08-19 22:31:56 [INFO]: Fetching contacts with page: 1, limit: 10, search: sr 
2025-08-19 22:31:56 [INFO]: Total contacts retrieved: 2 
2025-08-19 22:31:57 [INFO]: Fetching contacts with page: 1, limit: 10, search: sra 
2025-08-19 22:31:57 [INFO]: Total contacts retrieved: 2 
2025-08-19 22:32:01 [INFO]: Fetching contacts with page: 1, limit: 10, search: sr 
2025-08-19 22:32:01 [INFO]: Total contacts retrieved: 2 
2025-08-19 22:32:01 [INFO]: Fetching contacts with page: 1, limit: 10, search: s 
2025-08-19 22:32:01 [INFO]: Total contacts retrieved: 9 
2025-08-19 22:32:01 [INFO]: Fetching contacts with page: 1, limit: 10, search:  
2025-08-19 22:32:01 [INFO]: Total contacts retrieved: 10 
2025-08-19 22:32:36 [INFO]: Fetching contacts with page: 1, limit: 6, search:  
2025-08-19 22:32:36 [INFO]: Total contacts retrieved: 6 
2025-08-19 22:32:41 [INFO]: Fetching contacts with page: 2, limit: 6, search:  
2025-08-19 22:32:41 [INFO]: Total contacts retrieved: 6 
2025-08-19 22:32:43 [INFO]: Fetching contacts with page: 3, limit: 6, search:  
2025-08-19 22:32:43 [INFO]: Total contacts retrieved: 3 
2025-08-19 22:32:46 [INFO]: Fetching contacts with page: 2, limit: 6, search:  
2025-08-19 22:32:46 [INFO]: Total contacts retrieved: 6 
2025-08-19 22:32:47 [INFO]: Fetching contacts with page: 1, limit: 6, search:  
2025-08-19 22:32:47 [INFO]: Total contacts retrieved: 6 
2025-08-21 23:28:45 [INFO]: Fetching contacts with page: 1, limit: 6, search:  
2025-08-21 23:28:45 [INFO]: Total contacts retrieved: 6 
2025-08-21 23:28:57 [INFO]: Fetching contacts with page: 2, limit: 6, search:  
2025-08-21 23:28:57 [INFO]: Total contacts retrieved: 6 
2025-08-21 23:28:59 [INFO]: Fetching contacts with page: 3, limit: 6, search:  
2025-08-21 23:28:59 [INFO]: Total contacts retrieved: 3 
2025-08-21 23:29:23 [INFO]: Fetching contacts with page: 1, limit: 1000, search:  
2025-08-21 23:29:23 [INFO]: Total contacts retrieved: 15 
2025-08-21 23:29:23 [INFO]: Fetching contacts with page: 1, limit: 1000, search:  
2025-08-21 23:29:23 [INFO]: Total contacts retrieved: 15 
2025-08-22 00:30:46 [INFO]: Fetching contacts with page: 1, limit: 1000, search:  
2025-08-22 00:30:46 [INFO]: Total contacts retrieved: 15 
2025-08-22 00:30:46 [INFO]: Fetching contacts with page: 1, limit: 1000, search:  
2025-08-22 00:30:46 [INFO]: Total contacts retrieved: 15 
2025-08-22 00:35:01 [INFO]: Fetching contacts with page: 1, limit: 1000, search:  
2025-08-22 00:35:01 [INFO]: Total contacts retrieved: 15 
2025-08-22 00:36:02 [INFO]: Fetching contacts with page: 1, limit: 1000, search:  
2025-08-22 00:36:02 [INFO]: Total contacts retrieved: 15 
2025-08-22 00:36:56 [INFO]: Fetching contacts with page: 1, limit: 1000, search:  
2025-08-22 00:36:56 [INFO]: Total contacts retrieved: 15 
2025-08-22 00:38:21 [INFO]: Creating new campaign with data: %o 
2025-08-22 00:38:21 [ERROR]: Error creating campaign: %o 
2025-08-22 00:39:22 [INFO]: Creating new campaign with data: %o 
2025-08-22 00:39:22 [ERROR]: Error creating campaign: %o 
2025-08-22 00:40:46 [INFO]: Creating new campaign with data: %o 
2025-08-22 00:40:46 [ERROR]: Error creating campaign: %o 
2025-08-22 00:41:39 [INFO]: Creating new campaign with data: %o 
2025-08-22 00:41:39 [ERROR]: [object Object] 
2025-08-22 00:42:49 [INFO]: Creating new campaign with data: %o 
2025-08-22 00:42:49 [ERROR]: An unexpected error occurred during campaign creation {"error":{"name":"TypeError","message":"db.insert(...).values(...).returning is not a function","stack":"TypeError: db.insert(...).values(...).returning is not a function\n    at createCampaign (C:\\Users\\USER\\Desktop\\NextJs\\.next\\server\\chunks\\[root-of-the-server]__3c520e5b._.js:393:217)\n    at createCampaignAndSendMessages (C:\\Users\\USER\\Desktop\\NextJs\\.next\\server\\chunks\\[root-of-the-server]__3c520e5b._.js:688:188)\n    at createCampaign (C:\\Users\\USER\\Desktop\\NextJs\\.next\\server\\chunks\\[root-of-the-server]__3c520e5b._.js:761:209)\n    at process.processTicksAndRejections (node:internal/process/task_queues:105:5)\n    at async POST (C:\\Users\\USER\\Desktop\\NextJs\\.next\\server\\chunks\\[root-of-the-server]__3c520e5b._.js:813:12)\n    at async AppRouteRouteModule.do (C:\\Users\\USER\\Desktop\\NextJs\\node_modules\\next\\dist\\compiled\\next-server\\app-route-turbo.runtime.dev.js:26:34112)\n    at async AppRouteRouteModule.handle (C:\\Users\\USER\\Desktop\\NextJs\\node_modules\\next\\dist\\compiled\\next-server\\app-route-turbo.runtime.dev.js:26:41338)\n    at async doRender (C:\\Users\\USER\\Desktop\\NextJs\\node_modules\\next\\dist\\server\\base-server.js:1518:42)\n    at async DevServer.renderToResponseWithComponentsImpl (C:\\Users\\USER\\Desktop\\NextJs\\node_modules\\next\\dist\\server\\base-server.js:1920:28)\n    at async DevServer.renderPageComponent (C:\\Users\\USER\\Desktop\\NextJs\\node_modules\\next\\dist\\server\\base-server.js:2408:24)\n    at async DevServer.renderToResponseImpl (C:\\Users\\USER\\Desktop\\NextJs\\node_modules\\next\\dist\\server\\base-server.js:2445:32)\n    at async DevServer.pipeImpl (C:\\Users\\USER\\Desktop\\NextJs\\node_modules\\next\\dist\\server\\base-server.js:1008:25)\n    at async NextNodeServer.handleCatchallRenderRequest (C:\\Users\\USER\\Desktop\\NextJs\\node_modules\\next\\dist\\server\\next-server.js:305:17)\n    at async DevServer.handleRequestImpl (C:\\Users\\USER\\Desktop\\NextJs\\node_modules\\next\\dist\\server\\base-server.js:900:17)\n    at async C:\\Users\\USER\\Desktop\\NextJs\\node_modules\\next\\dist\\server\\dev\\next-dev-server.js:371:20\n    at async Span.traceAsyncFn (C:\\Users\\USER\\Desktop\\NextJs\\node_modules\\next\\dist\\trace\\trace.js:157:20)\n    at async DevServer.handleRequest (C:\\Users\\USER\\Desktop\\NextJs\\node_modules\\next\\dist\\server\\dev\\next-dev-server.js:368:24)\n    at async invokeRender (C:\\Users\\USER\\Desktop\\NextJs\\node_modules\\next\\dist\\server\\lib\\router-server.js:237:21)\n    at async handleRequest (C:\\Users\\USER\\Desktop\\NextJs\\node_modules\\next\\dist\\server\\lib\\router-server.js:428:24)\n    at async requestHandlerImpl (C:\\Users\\USER\\Desktop\\NextJs\\node_modules\\next\\dist\\server\\lib\\router-server.js:452:13)\n    at async Server.requestListener (C:\\Users\\USER\\Desktop\\NextJs\\node_modules\\next\\dist\\server\\lib\\start-server.js:158:13)"},"requestBody":{"name":"Test","templateId":"5","contactIds":["mjoiumh6sgf5ap23jjknpaf5","dgq4kfkon1iwymse6yem0dig","bokqzuy9vsmrcna2gvwu6lrs","nlxfbymjnb7i70zkrsey951m"]}}
2025-08-22 00:43:59 [INFO]: Creating new campaign with data: %o 
2025-08-22 00:44:03 [INFO]: Campaign created successfully with ID: %s 
2025-08-22 00:55:28 [INFO]: Fetching contacts with page: 1, limit: 1000, search:  
2025-08-22 00:55:29 [INFO]: Total contacts retrieved: 15 
2025-08-22 00:55:29 [INFO]: Fetching contacts with page: 1, limit: 1000, search:  
2025-08-22 00:55:29 [INFO]: Total contacts retrieved: 15 
2025-08-22 00:55:56 [INFO]: Creating new campaign with data: %o 
2025-08-22 00:55:57 [ERROR]: An unexpected error occurred during campaign creation {"error":{"name":"TypeError","message":"Cannot read properties of undefined (reading 'id')","stack":"TypeError: Cannot read properties of undefined (reading 'id')\n    at createCampaignAndSendMessages (C:\\Users\\USER\\Desktop\\NextJs\\.next\\server\\chunks\\[root-of-the-server]__3c520e5b._.js:725:38)\n    at process.processTicksAndRejections (node:internal/process/task_queues:105:5)\n    at async createCampaign (C:\\Users\\USER\\Desktop\\NextJs\\.next\\server\\chunks\\[root-of-the-server]__3c520e5b._.js:766:26)\n    at async POST (C:\\Users\\USER\\Desktop\\NextJs\\.next\\server\\chunks\\[root-of-the-server]__3c520e5b._.js:818:12)\n    at async AppRouteRouteModule.do (C:\\Users\\USER\\Desktop\\NextJs\\node_modules\\next\\dist\\compiled\\next-server\\app-route-turbo.runtime.dev.js:26:34112)\n    at async AppRouteRouteModule.handle (C:\\Users\\USER\\Desktop\\NextJs\\node_modules\\next\\dist\\compiled\\next-server\\app-route-turbo.runtime.dev.js:26:41338)\n    at async doRender (C:\\Users\\USER\\Desktop\\NextJs\\node_modules\\next\\dist\\server\\base-server.js:1518:42)\n    at async DevServer.renderToResponseWithComponentsImpl (C:\\Users\\USER\\Desktop\\NextJs\\node_modules\\next\\dist\\server\\base-server.js:1920:28)\n    at async DevServer.renderPageComponent (C:\\Users\\USER\\Desktop\\NextJs\\node_modules\\next\\dist\\server\\base-server.js:2408:24)\n    at async DevServer.renderToResponseImpl (C:\\Users\\USER\\Desktop\\NextJs\\node_modules\\next\\dist\\server\\base-server.js:2445:32)\n    at async DevServer.pipeImpl (C:\\Users\\USER\\Desktop\\NextJs\\node_modules\\next\\dist\\server\\base-server.js:1008:25)\n    at async NextNodeServer.handleCatchallRenderRequest (C:\\Users\\USER\\Desktop\\NextJs\\node_modules\\next\\dist\\server\\next-server.js:305:17)\n    at async DevServer.handleRequestImpl (C:\\Users\\USER\\Desktop\\NextJs\\node_modules\\next\\dist\\server\\base-server.js:900:17)\n    at async C:\\Users\\USER\\Desktop\\NextJs\\node_modules\\next\\dist\\server\\dev\\next-dev-server.js:371:20\n    at async Span.traceAsyncFn (C:\\Users\\USER\\Desktop\\NextJs\\node_modules\\next\\dist\\trace\\trace.js:157:20)\n    at async DevServer.handleRequest (C:\\Users\\USER\\Desktop\\NextJs\\node_modules\\next\\dist\\server\\dev\\next-dev-server.js:368:24)\n    at async invokeRender (C:\\Users\\USER\\Desktop\\NextJs\\node_modules\\next\\dist\\server\\lib\\router-server.js:237:21)\n    at async handleRequest (C:\\Users\\USER\\Desktop\\NextJs\\node_modules\\next\\dist\\server\\lib\\router-server.js:428:24)\n    at async requestHandlerImpl (C:\\Users\\USER\\Desktop\\NextJs\\node_modules\\next\\dist\\server\\lib\\router-server.js:452:13)\n    at async Server.requestListener (C:\\Users\\USER\\Desktop\\NextJs\\node_modules\\next\\dist\\server\\lib\\start-server.js:158:13)"},"requestBody":{"name":"Test 02","templateId":"5","contactIds":["nlxfbymjnb7i70zkrsey951m","bokqzuy9vsmrcna2gvwu6lrs","dgq4kfkon1iwymse6yem0dig","sn8lyy4nn8oovk5dahezdo24","mjoiumh6sgf5ap23jjknpaf5"]}}
2025-08-22 01:07:19 [INFO]: Fetching contacts with page: 1, limit: 6, search:  
2025-08-22 01:07:19 [INFO]: Total contacts retrieved: 6 
2025-08-22 01:07:19 [INFO]: Fetching contacts with page: 1, limit: 6, search:  
2025-08-22 01:07:19 [INFO]: Total contacts retrieved: 6 
2025-08-22 01:07:48 [INFO]: Fetching contacts with page: 1, limit: 6, search:  
2025-08-22 01:07:48 [INFO]: Total contacts retrieved: 6 
2025-08-22 01:07:49 [INFO]: Fetching contacts with page: 1, limit: 6, search:  
2025-08-22 01:07:49 [INFO]: Total contacts retrieved: 6 
2025-08-22 01:08:08 [INFO]: Fetching contact with ID: %s 
2025-08-22 01:08:08 [INFO]: Fetching contact with ID: %s 
2025-08-22 01:08:29 [INFO]: Fetching contacts with page: 1, limit: 6, search:  
2025-08-22 01:08:29 [INFO]: Total contacts retrieved: 6 
2025-08-22 01:08:30 [INFO]: Fetching contacts with page: 1, limit: 6, search:  
2025-08-22 01:08:30 [INFO]: Total contacts retrieved: 6 
2025-08-22 01:09:38 [INFO]: Fetching contacts with page: 1, limit: 6, search:  
2025-08-22 01:09:38 [INFO]: Total contacts retrieved: 6 
2025-08-22 01:09:49 [INFO]: Fetching contacts with page: 1, limit: 6, search:  
2025-08-22 01:09:49 [INFO]: Total contacts retrieved: 6 
2025-08-22 01:10:25 [INFO]: Fetching contacts with page: 1, limit: 6, search:  
2025-08-22 01:10:25 [INFO]: Total contacts retrieved: 6 
2025-08-22 01:24:57 [INFO]: Fetching contacts with page: 1, limit: 1000, search:  
2025-08-22 01:24:57 [INFO]: Total contacts retrieved: 15 
2025-08-22 01:36:21 [INFO]: Fetching contacts with page: 1, limit: 1000, search:  
2025-08-22 01:36:21 [INFO]: Total contacts retrieved: 15 
2025-08-22 01:37:37 [INFO]: Creating new campaign with data: %o 
2025-08-22 01:37:38 [ERROR]: An unexpected error occurred during campaign creation {"error":{"name":"Error","message":"Failed to find newly created message with id 0","stack":"Error: Failed to find newly created message with id 0\n    at createMessage (C:\\Users\\USER\\Desktop\\NextJs\\.next\\server\\chunks\\[root-of-the-server]__3c520e5b._.js:409:15)\n    at process.processTicksAndRejections (node:internal/process/task_queues:105:5)\n    at async createCampaignAndSendMessages (C:\\Users\\USER\\Desktop\\NextJs\\.next\\server\\chunks\\[root-of-the-server]__3c520e5b._.js:748:13)\n    at async createCampaign (C:\\Users\\USER\\Desktop\\NextJs\\.next\\server\\chunks\\[root-of-the-server]__3c520e5b._.js:791:26)\n    at async POST (C:\\Users\\USER\\Desktop\\NextJs\\.next\\server\\chunks\\[root-of-the-server]__3c520e5b._.js:843:12)\n    at async AppRouteRouteModule.do (C:\\Users\\USER\\Desktop\\NextJs\\node_modules\\next\\dist\\compiled\\next-server\\app-route-turbo.runtime.dev.js:26:34112)\n    at async AppRouteRouteModule.handle (C:\\Users\\USER\\Desktop\\NextJs\\node_modules\\next\\dist\\compiled\\next-server\\app-route-turbo.runtime.dev.js:26:41338)\n    at async doRender (C:\\Users\\USER\\Desktop\\NextJs\\node_modules\\next\\dist\\server\\base-server.js:1518:42)\n    at async DevServer.renderToResponseWithComponentsImpl (C:\\Users\\USER\\Desktop\\NextJs\\node_modules\\next\\dist\\server\\base-server.js:1920:28)\n    at async DevServer.renderPageComponent (C:\\Users\\USER\\Desktop\\NextJs\\node_modules\\next\\dist\\server\\base-server.js:2408:24)\n    at async DevServer.renderToResponseImpl (C:\\Users\\USER\\Desktop\\NextJs\\node_modules\\next\\dist\\server\\base-server.js:2445:32)\n    at async DevServer.pipeImpl (C:\\Users\\USER\\Desktop\\NextJs\\node_modules\\next\\dist\\server\\base-server.js:1008:25)\n    at async NextNodeServer.handleCatchallRenderRequest (C:\\Users\\USER\\Desktop\\NextJs\\node_modules\\next\\dist\\server\\next-server.js:305:17)\n    at async DevServer.handleRequestImpl (C:\\Users\\USER\\Desktop\\NextJs\\node_modules\\next\\dist\\server\\base-server.js:900:17)\n    at async C:\\Users\\USER\\Desktop\\NextJs\\node_modules\\next\\dist\\server\\dev\\next-dev-server.js:371:20\n    at async Span.traceAsyncFn (C:\\Users\\USER\\Desktop\\NextJs\\node_modules\\next\\dist\\trace\\trace.js:157:20)\n    at async DevServer.handleRequest (C:\\Users\\USER\\Desktop\\NextJs\\node_modules\\next\\dist\\server\\dev\\next-dev-server.js:368:24)\n    at async invokeRender (C:\\Users\\USER\\Desktop\\NextJs\\node_modules\\next\\dist\\server\\lib\\router-server.js:237:21)\n    at async handleRequest (C:\\Users\\USER\\Desktop\\NextJs\\node_modules\\next\\dist\\server\\lib\\router-server.js:428:24)\n    at async requestHandlerImpl (C:\\Users\\USER\\Desktop\\NextJs\\node_modules\\next\\dist\\server\\lib\\router-server.js:452:13)\n    at async Server.requestListener (C:\\Users\\USER\\Desktop\\NextJs\\node_modules\\next\\dist\\server\\lib\\start-server.js:158:13)"},"requestBody":{"name":"Test 03","templateId":"5","contactIds":["a1d960iq4m2zk8358giy0tas","bokqzuy9vsmrcna2gvwu6lrs","dgq4kfkon1iwymse6yem0dig"],"templateVariables":{"{{1}}":"Contact name"}}}
2025-08-22 01:40:17 [INFO]: Creating new campaign with data: %o 
2025-08-22 01:40:19 [INFO]: Campaign created successfully with ID: %s 
2025-08-22 21:19:47 [INFO]: Fetching contacts with page: 1, limit: 6, search:  
2025-08-22 21:19:47 [INFO]: Total contacts retrieved: 15 
2025-08-22 21:19:47 [INFO]: Fetching contacts with page: 1, limit: 6, search:  
2025-08-22 21:19:47 [INFO]: Total contacts retrieved: 15 
2025-08-22 21:35:20 [INFO]: Fetching contacts with page: 1, limit: 6, search:  
2025-08-22 21:35:20 [INFO]: Total contacts retrieved: 15 
2025-08-22 21:35:20 [INFO]: Fetching contacts with page: 1, limit: 6, search:  
2025-08-22 21:35:20 [INFO]: Total contacts retrieved: 15 
2025-08-22 21:35:58 [INFO]: Fetching contacts with page: 1, limit: 1000, search:  
2025-08-22 21:35:58 [INFO]: Total contacts retrieved: 15 
2025-08-22 21:35:58 [INFO]: Fetching contacts with page: 1, limit: 1000, search:  
2025-08-22 21:35:58 [INFO]: Total contacts retrieved: 15 
2025-08-22 21:36:26 [INFO]: Creating new campaign with data: %o 
2025-08-22 21:36:27 [INFO]: Campaign created successfully with ID: %s 
2025-08-22 21:37:47 [INFO]: Fetching contacts with page: 1, limit: 1000, search:  
2025-08-22 21:37:47 [INFO]: Total contacts retrieved: 15 
2025-08-22 21:37:47 [INFO]: Fetching contacts with page: 1, limit: 1000, search:  
2025-08-22 21:37:47 [INFO]: Total contacts retrieved: 15 
2025-08-22 21:37:56 [INFO]: Fetching contacts with page: 1, limit: 6, search:  
2025-08-22 21:37:56 [INFO]: Total contacts retrieved: 15 
2025-08-22 21:37:56 [INFO]: Fetching contacts with page: 1, limit: 6, search:  
2025-08-22 21:37:56 [INFO]: Total contacts retrieved: 15 
2025-08-22 21:39:20 [INFO]: Fetching contacts with page: 1, limit: 1000, search:  
2025-08-22 21:39:20 [INFO]: Total contacts retrieved: 15 
2025-08-22 21:39:20 [INFO]: Fetching contacts with page: 1, limit: 1000, search:  
2025-08-22 21:39:20 [INFO]: Total contacts retrieved: 15 
2025-08-23 07:36:25 [INFO]: Fetching contacts with page: 1, limit: 6, search:  
2025-08-23 07:36:25 [INFO]: Total contacts retrieved: 15 
2025-08-23 07:36:25 [INFO]: Fetching contacts with page: 1, limit: 6, search:  
2025-08-23 07:36:25 [INFO]: Total contacts retrieved: 15 
2025-08-23 07:36:55 [INFO]: Fetching contacts with page: 1, limit: 1000, search:  
2025-08-23 07:36:55 [INFO]: Total contacts retrieved: 15 
2025-08-23 07:36:55 [INFO]: Fetching contacts with page: 1, limit: 1000, search:  
2025-08-23 07:36:55 [INFO]: Total contacts retrieved: 15 
2025-08-23 08:56:32 [INFO]: Fetching contacts with page: 1, limit: 1000, search:  
2025-08-23 08:56:32 [INFO]: Total contacts retrieved: 15 
2025-08-23 08:57:03 [INFO]: Fetching contacts with page: 1, limit: 1000, search:  
2025-08-23 08:57:03 [INFO]: Total contacts retrieved: 15 
2025-08-23 08:57:03 [INFO]: Fetching contacts with page: 1, limit: 1000, search:  
2025-08-23 08:57:03 [INFO]: Total contacts retrieved: 15 
2025-08-23 09:01:45 [INFO]: Fetching contacts with page: 1, limit: 1000, search:  
2025-08-23 09:01:45 [INFO]: Total contacts retrieved: 15 
2025-08-23 09:04:41 [INFO]: Fetching contacts with page: 1, limit: 1000, search:  
2025-08-23 09:04:41 [INFO]: Total contacts retrieved: 15 
2025-08-23 09:04:59 [INFO]: Fetching contacts with page: 1, limit: 1000, search:  
2025-08-23 09:04:59 [INFO]: Total contacts retrieved: 15 
2025-08-23 09:11:45 [INFO]: Fetching contacts with page: 1, limit: 1000, search:  
2025-08-23 09:11:45 [INFO]: Total contacts retrieved: 15 
2025-08-23 09:16:09 [INFO]: Fetching contacts with page: 1, limit: 1000, search:  
2025-08-23 09:16:09 [INFO]: Total contacts retrieved: 15 
2025-08-23 09:17:02 [INFO]: Fetching contacts with page: 1, limit: 1000, search:  
2025-08-23 09:17:02 [INFO]: Total contacts retrieved: 15 
2025-08-23 09:19:25 [INFO]: Fetching contacts with page: 1, limit: 1000, search:  
2025-08-23 09:19:25 [INFO]: Total contacts retrieved: 15 
2025-08-23 09:20:11 [INFO]: Fetching contacts with page: 1, limit: 1000, search:  
2025-08-23 09:20:11 [INFO]: Total contacts retrieved: 15 
2025-08-23 09:22:18 [INFO]: Fetching contacts with page: 1, limit: 1000, search:  
2025-08-23 09:22:26 [INFO]: Total contacts retrieved: 15 
2025-08-23 09:24:42 [INFO]: Fetching contacts with page: 1, limit: 1000, search:  
2025-08-23 09:24:49 [INFO]: Total contacts retrieved: 15 
2025-08-23 09:29:18 [INFO]: Fetching contacts with page: 1, limit: 1000, search:  
2025-08-23 09:29:30 [INFO]: Total contacts retrieved: 15 
2025-08-23 09:30:25 [INFO]: Creating new campaign with data: %o 
2025-08-23 09:30:33 [INFO]: Campaign created successfully with ID: %s 
2025-08-23 09:33:35 [INFO]: Fetching contacts with page: 1, limit: 1000, search:  
2025-08-23 09:33:48 [INFO]: Total contacts retrieved: 15 
2025-08-23 09:33:50 [INFO]: Fetching contacts with page: 1, limit: 1000, search:  
2025-08-23 09:33:51 [INFO]: Total contacts retrieved: 15 
2025-08-23 09:34:04 [INFO]: Creating new campaign with data: %o 
2025-08-23 09:34:10 [INFO]: Campaign created successfully with ID: %s 
2025-09-07 09:20:21 [INFO]: Fetching contacts with page: 1, limit: 6, search:  
2025-09-07 09:20:21 [INFO]: Total contacts retrieved: 15 
2025-09-07 09:20:21 [INFO]: Fetching contacts with page: 1, limit: 6, search:  
2025-09-07 09:20:21 [INFO]: Total contacts retrieved: 15 
2025-09-13 14:01:48 [INFO]: Fetching contacts with page: 1, limit: 10, search:  
2025-09-13 14:01:48 [INFO]: Total contacts retrieved: 0 
2025-09-13 14:08:03 [INFO]: Fetching contacts with page: 1, limit: 6, search:  
2025-09-13 14:08:03 [INFO]: Total contacts retrieved: 0 
2025-09-13 14:08:03 [INFO]: Fetching contacts with page: 1, limit: 6, search:  
2025-09-13 14:08:03 [INFO]: Total contacts retrieved: 0 
2025-09-13 14:09:19 [INFO]: Fetching contacts with page: 1, limit: 10, search:  
2025-09-13 14:09:19 [INFO]: Total contacts retrieved: 0 
2025-09-13 14:09:19 [INFO]: Fetching contacts with page: 1, limit: 10, search:  
2025-09-13 14:09:19 [INFO]: Total contacts retrieved: 0 
2025-09-13 14:28:29 [INFO]: Fetching contacts with page: 1, limit: 6, search:  
2025-09-13 14:28:29 [INFO]: Total contacts retrieved: 0 
2025-09-13 14:28:29 [INFO]: Fetching contacts with page: 1, limit: 6, search:  
2025-09-13 14:28:29 [INFO]: Total contacts retrieved: 0 
2025-09-13 14:33:06 [INFO]: Fetching contacts with page: 1, limit: 10, search:  
2025-09-13 14:33:06 [INFO]: Total contacts retrieved: 0 
2025-09-13 14:33:06 [INFO]: Fetching contacts with page: 1, limit: 10, search:  
2025-09-13 14:33:06 [INFO]: Total contacts retrieved: 0 
2025-09-13 14:33:20 [INFO]: Updating contact with ID: ruytkgq7f0xpuin91ov5qgku 
2025-09-13 14:33:20 [INFO]: Updating contact with ID: naa30i6bw29yols89k08uz0c 
2025-09-13 14:33:20 [INFO]: Contact updated successfully: ruytkgq7f0xpuin91ov5qgku 
2025-09-13 14:33:20 [INFO]: Contact updated successfully: naa30i6bw29yols89k08uz0c 
2025-09-13 14:33:21 [INFO]: Fetching contacts with page: 1, limit: 10, search:  
2025-09-13 14:33:21 [INFO]: Total contacts retrieved: 0 
2025-09-13 14:33:21 [INFO]: Fetching contacts with page: 1, limit: 10, search:  
2025-09-13 14:33:21 [INFO]: Total contacts retrieved: 0 
2025-09-13 14:33:23 [INFO]: Updating contact with ID: n91rlssr73os5nsxd3c1x7bg 
2025-09-13 14:33:23 [INFO]: Contact updated successfully: n91rlssr73os5nsxd3c1x7bg 
2025-09-13 14:33:24 [INFO]: Fetching contacts with page: 1, limit: 10, search:  
2025-09-13 14:33:24 [INFO]: Total contacts retrieved: 0 
2025-09-13 14:33:27 [INFO]: Updating contact with ID: lhdyyenou40jwyqzuwfovyt8 
2025-09-13 14:33:27 [INFO]: Contact updated successfully: lhdyyenou40jwyqzuwfovyt8 
2025-09-13 14:33:27 [INFO]: Fetching contacts with page: 1, limit: 10, search:  
2025-09-13 14:33:27 [INFO]: Total contacts retrieved: 0 
2025-09-13 14:33:34 [INFO]: Fetching contacts with page: 1, limit: 6, search:  
2025-09-13 14:33:34 [INFO]: Total contacts retrieved: 0 
2025-09-13 14:33:34 [INFO]: Fetching contacts with page: 1, limit: 6, search:  
2025-09-13 14:33:34 [INFO]: Total contacts retrieved: 0 
2025-09-13 14:43:23 [INFO]: Fetching contacts with page: 1, limit: 6, search:  
2025-09-13 14:43:23 [INFO]: Total contacts retrieved: 0 
2025-09-13 14:43:23 [INFO]: Fetching contacts with page: 1, limit: 6, search:  
2025-09-13 14:43:23 [INFO]: Total contacts retrieved: 0 
2025-09-13 14:56:13 [INFO]: Fetching contacts with page: 1, limit: 6, search:  
2025-09-13 14:56:13 [INFO]: Total contacts retrieved: 0 
2025-09-13 14:56:13 [INFO]: Fetching contacts with page: 1, limit: 6, search:  
2025-09-13 14:56:13 [INFO]: Total contacts retrieved: 0 
2025-09-13 14:56:22 [INFO]: Fetching contacts with page: 1, limit: 6, search:  
2025-09-13 14:56:22 [INFO]: Total contacts retrieved: 0 
2025-09-13 14:59:55 [INFO]: Fetching contacts with page: 1, limit: 10, search:  
2025-09-13 14:59:55 [INFO]: Total contacts retrieved: 0 
2025-09-13 14:59:55 [INFO]: Fetching contacts with page: 1, limit: 10, search:  
2025-09-13 14:59:55 [INFO]: Total contacts retrieved: 0 
2025-09-13 15:23:32 [INFO]: Fetching contacts with page: 1, limit: 10, search:  
2025-09-13 15:23:32 [INFO]: Total contacts retrieved: 0 
2025-09-13 15:23:32 [INFO]: Fetching contacts with page: 1, limit: 10, search:  
2025-09-13 15:23:32 [INFO]: Total contacts retrieved: 0 
2025-09-13 15:32:15 [INFO]: Fetching contacts with page: 1, limit: 10, search:  
2025-09-13 15:32:15 [INFO]: Total contacts retrieved: 0 
2025-09-13 15:32:15 [INFO]: Fetching contacts with page: 1, limit: 10, search:  
2025-09-13 15:32:15 [INFO]: Total contacts retrieved: 0 
2025-09-13 15:32:56 [INFO]: Fetching contacts with page: 1, limit: 10, search:  
2025-09-13 15:32:56 [INFO]: Total contacts retrieved: 0 
2025-09-13 15:32:57 [INFO]: Fetching contacts with page: 1, limit: 10, search:  
2025-09-13 15:32:57 [INFO]: Total contacts retrieved: 0 
2025-09-13 15:42:51 [INFO]: Fetching contacts with page: 1, limit: 10, search:  
2025-09-13 15:42:51 [INFO]: Total contacts retrieved: 0 
2025-09-13 15:42:51 [INFO]: Fetching contacts with page: 1, limit: 10, search:  
2025-09-13 15:42:51 [INFO]: Total contacts retrieved: 0 
2025-09-13 15:43:24 [INFO]: Fetching contacts with page: 1, limit: 10, search:  
2025-09-13 15:43:24 [INFO]: Total contacts retrieved: 0 
2025-09-13 15:43:24 [INFO]: Fetching contacts with page: 1, limit: 10, search:  
2025-09-13 15:43:24 [INFO]: Total contacts retrieved: 0 
2025-09-13 15:46:56 [INFO]: Fetching contacts with page: 1, limit: 10, search:  
2025-09-13 15:46:56 [INFO]: Total contacts retrieved: 0 
2025-09-13 15:46:57 [INFO]: Fetching contacts with page: 1, limit: 10, search:  
2025-09-13 15:46:57 [INFO]: Total contacts retrieved: 0 
2025-09-13 15:47:11 [INFO]: Fetching contacts with page: 1, limit: 10, search:  
2025-09-13 15:47:11 [INFO]: Total contacts retrieved: 0 
2025-09-13 15:47:11 [INFO]: Fetching contacts with page: 1, limit: 10, search:  
2025-09-13 15:47:11 [INFO]: Total contacts retrieved: 0 
2025-09-13 15:47:11 [INFO]: Fetching contacts with page: 1, limit: 10, search:  
2025-09-13 15:47:11 [INFO]: Total contacts retrieved: 0 
2025-09-13 15:47:11 [INFO]: Fetching contacts with page: 1, limit: 10, search:  
2025-09-13 15:47:11 [INFO]: Total contacts retrieved: 0 
2025-09-13 15:50:09 [INFO]: Fetching contacts with page: 1, limit: 10, search:  
2025-09-13 15:50:10 [INFO]: Total contacts retrieved: 0 
2025-09-13 15:50:10 [INFO]: Fetching contacts with page: 1, limit: 10, search:  
2025-09-13 15:50:10 [INFO]: Total contacts retrieved: 0 
2025-09-13 15:50:11 [INFO]: Fetching contacts with page: 1, limit: 10, search:  
2025-09-13 15:50:11 [INFO]: Total contacts retrieved: 0 
2025-09-13 15:50:11 [INFO]: Fetching contacts with page: 1, limit: 10, search:  
2025-09-13 15:50:11 [INFO]: Total contacts retrieved: 0 
2025-09-13 15:50:36 [INFO]: Fetching contacts with page: 1, limit: 10, search:  
2025-09-13 15:50:36 [INFO]: Total contacts retrieved: 0 
2025-09-13 15:50:37 [INFO]: Fetching contacts with page: 1, limit: 10, search:  
2025-09-13 15:50:37 [INFO]: Total contacts retrieved: 0 
2025-09-13 15:50:37 [INFO]: Fetching contacts with page: 1, limit: 10, search:  
2025-09-13 15:50:37 [INFO]: Total contacts retrieved: 0 
2025-09-13 15:50:37 [INFO]: Fetching contacts with page: 1, limit: 10, search:  
2025-09-13 15:50:37 [INFO]: Total contacts retrieved: 0 
2025-09-13 15:58:11 [INFO]: Fetching contacts with page: 1, limit: 10, search:  
2025-09-13 15:58:11 [INFO]: Total contacts retrieved: 0 
2025-09-13 15:58:12 [INFO]: Fetching contacts with page: 1, limit: 10, search:  
2025-09-13 15:58:12 [INFO]: Total contacts retrieved: 0 
2025-09-13 15:58:12 [INFO]: Fetching contacts with page: 1, limit: 10, search:  
2025-09-13 15:58:12 [INFO]: Total contacts retrieved: 0 
2025-09-13 15:58:12 [INFO]: Fetching contacts with page: 1, limit: 10, search:  
2025-09-13 15:58:12 [INFO]: Total contacts retrieved: 0 
